  Boss.cpp
D:\gcluc2026\gcluc2026-tokushima-a\Frog of Legends\Project\GameProject\Boss.cpp(146,37): warning C4244: '=': 'int' から 'float' への変換です。データが失われる可能性があります。
  CharaBase.cpp
  DebugPrint.cpp
D:\gcluc2026\gcluc2026-tokushima-a\Frog of Legends\Project\GameProject\DebugPrint.cpp(49,17): warning C4244: '引数': 'float' から 'int' への変換です。データが失われる可能性があります。
  EnemyBase.cpp
  EnemyManager.cpp
D:\gcluc2026\gcluc2026-tokushima-a\Frog of Legends\Project\GameProject\EnemyManager.cpp(173,25): warning C4244: '=': 'int' から 'float' への変換です。データが失われる可能性があります。
D:\gcluc2026\gcluc2026-tokushima-a\Frog of Legends\Project\GameProject\EnemyManager.cpp(175,25): warning C4244: '=': 'int' から 'float' への変換です。データが失われる可能性があります。
  GameExplain.cpp
  Field.cpp
D:\gcluc2026\gcluc2026-tokushima-a\Frog of Legends\Project\GameProject\Field.cpp(50,21): warning C4244: '=': 'int' から 'float' への変換です。データが失われる可能性があります。
D:\gcluc2026\gcluc2026-tokushima-a\Frog of Legends\Project\GameProject\Field.cpp(66,25): warning C4244: '=': 'int' から 'float' への変換です。データが失われる可能性があります。
D:\gcluc2026\gcluc2026-tokushima-a\Frog of Legends\Project\GameProject\Field.cpp(92,23): warning C4244: '引数': 'int' から 'float' への変換です。データが失われる可能性があります。
D:\gcluc2026\gcluc2026-tokushima-a\Frog of Legends\Project\GameProject\Field.cpp(98,40): warning C4244: '引数': 'int' から 'float' への変換です。データが失われる可能性があります。
  GameClearTask.cpp
D:\gcluc2026\gcluc2026-tokushima-a\Frog of Legends\Project\GameProject\GameClearTask.cpp(151,27): warning C4244: '引数': 'int' から 'float' への変換です。データが失われる可能性があります。
D:\gcluc2026\gcluc2026-tokushima-a\Frog of Legends\Project\GameProject\GameClearTask.cpp(151,24): warning C4244: '引数': 'int' から 'float' への変換です。データが失われる可能性があります。
D:\gcluc2026\gcluc2026-tokushima-a\Frog of Legends\Project\GameProject\GameClearTask.cpp(157,26): warning C4244: '引数': 'int' から 'float' への変換です。データが失われる可能性があります。
D:\gcluc2026\gcluc2026-tokushima-a\Frog of Legends\Project\GameProject\GameClearTask.cpp(157,21): warning C4244: '引数': 'int' から 'float' への変換です。データが失われる可能性があります。
D:\gcluc2026\gcluc2026-tokushima-a\Frog of Legends\Project\GameProject\GameClearTask.cpp(164,32): warning C4244: '引数': 'int' から 'float' への変換です。データが失われる可能性があります。
D:\gcluc2026\gcluc2026-tokushima-a\Frog of Legends\Project\GameProject\GameClearTask.cpp(164,23): warning C4244: '引数': 'int' から 'float' への変換です。データが失われる可能性があります。
  GameOverTask.cpp
D:\gcluc2026\gcluc2026-tokushima-a\Frog of Legends\Project\GameProject\GameOverTask.cpp(127,27): warning C4244: '引数': 'int' から 'float' への変換です。データが失われる可能性があります。
D:\gcluc2026\gcluc2026-tokushima-a\Frog of Legends\Project\GameProject\GameOverTask.cpp(127,24): warning C4244: '引数': 'int' から 'float' への変換です。データが失われる可能性があります。
D:\gcluc2026\gcluc2026-tokushima-a\Frog of Legends\Project\GameProject\GameOverTask.cpp(133,26): warning C4244: '引数': 'int' から 'float' への変換です。データが失われる可能性があります。
D:\gcluc2026\gcluc2026-tokushima-a\Frog of Legends\Project\GameProject\GameOverTask.cpp(133,21): warning C4244: '引数': 'int' から 'float' への変換です。データが失われる可能性があります。
D:\gcluc2026\gcluc2026-tokushima-a\Frog of Legends\Project\GameProject\GameOverTask.cpp(140,32): warning C4244: '引数': 'int' から 'float' への変換です。データが失われる可能性があります。
D:\gcluc2026\gcluc2026-tokushima-a\Frog of Legends\Project\GameProject\GameOverTask.cpp(140,23): warning C4244: '引数': 'int' から 'float' への変換です。データが失われる可能性があります。
  main.cpp
D:\gcluc2026\gcluc2026-tokushima-a\Frog of Legends\Project\GameProject\main.cpp(123,42): warning C4244: '引数': 'int' から 'float' への変換です。データが失われる可能性があります。
D:\gcluc2026\gcluc2026-tokushima-a\Frog of Legends\Project\GameProject\main.cpp(123,39): warning C4244: '引数': 'int' から 'float' への変換です。データが失われる可能性があります。
  ObjectBase.cpp
  Player.cpp
  Score.cpp
  Slime.cpp
  Task.cpp
  TaskManager.cpp
  Timer.cpp
  TitleTask.cpp
D:\gcluc2026\gcluc2026-tokushima-a\Frog of Legends\Project\GameProject\TitleTask.cpp(114,25): warning C4244: '引数': 'int' から 'float' への変換です。データが失われる可能性があります。
D:\gcluc2026\gcluc2026-tokushima-a\Frog of Legends\Project\GameProject\TitleTask.cpp(114,22): warning C4244: '引数': 'int' から 'float' への変換です。データが失われる可能性があります。
D:\gcluc2026\gcluc2026-tokushima-a\Frog of Legends\Project\GameProject\TitleTask.cpp(117,29): warning C4244: '引数': 'int' から 'float' への変換です。データが失われる可能性があります。
D:\gcluc2026\gcluc2026-tokushima-a\Frog of Legends\Project\GameProject\TitleTask.cpp(117,24): warning C4244: '引数': 'int' から 'float' への変換です。データが失われる可能性があります。
D:\gcluc2026\gcluc2026-tokushima-a\Frog of Legends\Project\GameProject\TitleTask.cpp(120,26): warning C4244: '引数': 'int' から 'float' への変換です。データが失われる可能性があります。
D:\gcluc2026\gcluc2026-tokushima-a\Frog of Legends\Project\GameProject\TitleTask.cpp(120,21): warning C4244: '引数': 'int' から 'float' への変換です。データが失われる可能性があります。
D:\gcluc2026\gcluc2026-tokushima-a\Frog of Legends\Project\GameProject\TitleTask.cpp(127,32): warning C4244: '引数': 'int' から 'float' への変換です。データが失われる可能性があります。
D:\gcluc2026\gcluc2026-tokushima-a\Frog of Legends\Project\GameProject\TitleTask.cpp(127,23): warning C4244: '引数': 'int' から 'float' への変換です。データが失われる可能性があります。
  コードを生成中...
GLFW.lib(init.obj) : warning LNK4099: PDB '' が 'GLFW.lib(init.obj)' で、または '' に見つかりません。デバッグ情報がないものとして、オブジェクトにリンクします。
GLFW.lib(monitor.obj) : warning LNK4099: PDB '' が 'GLFW.lib(monitor.obj)' で、または '' に見つかりません。デバッグ情報がないものとして、オブジェクトにリンクします。
GLFW.lib(window.obj) : warning LNK4099: PDB '' が 'GLFW.lib(window.obj)' で、または '' に見つかりません。デバッグ情報がないものとして、オブジェクトにリンクします。
GLFW.lib(input.obj) : warning LNK4099: PDB '' が 'GLFW.lib(input.obj)' で、または '' に見つかりません。デバッグ情報がないものとして、オブジェクトにリンクします。
GLFW.lib(context.obj) : warning LNK4099: PDB '' が 'GLFW.lib(context.obj)' で、または '' に見つかりません。デバッグ情報がないものとして、オブジェクトにリンクします。
  glew.lib(glew.obj) : MSIL .netmodule または /GL を伴ってコンパイルされたモジュールが見つかりました。/LTCG を使用して再開始してください。リンカーのパフォーマンスを向上させるためには、コマンドラインに /LTCG を追加してください。
GLFW.lib(win32_init.obj) : warning LNK4099: PDB '' が 'GLFW.lib(win32_init.obj)' で、または '' に見つかりません。デバッグ情報がないものとして、オブジェクトにリンクします。
GLFW.lib(win32_monitor.obj) : warning LNK4099: PDB '' が 'GLFW.lib(win32_monitor.obj)' で、または '' に見つかりません。デバッグ情報がないものとして、オブジェクトにリンクします。
GLFW.lib(win32_time.obj) : warning LNK4099: PDB '' が 'GLFW.lib(win32_time.obj)' で、または '' に見つかりません。デバッグ情報がないものとして、オブジェクトにリンクします。
GLFW.lib(vulkan.obj) : warning LNK4099: PDB '' が 'GLFW.lib(vulkan.obj)' で、または '' に見つかりません。デバッグ情報がないものとして、オブジェクトにリンクします。
GLFW.lib(win32_window.obj) : warning LNK4099: PDB '' が 'GLFW.lib(win32_window.obj)' で、または '' に見つかりません。デバッグ情報がないものとして、オブジェクトにリンクします。
GLFW.lib(win32_tls.obj) : warning LNK4099: PDB '' が 'GLFW.lib(win32_tls.obj)' で、または '' に見つかりません。デバッグ情報がないものとして、オブジェクトにリンクします。
GLFW.lib(win32_joystick.obj) : warning LNK4099: PDB '' が 'GLFW.lib(win32_joystick.obj)' で、または '' に見つかりません。デバッグ情報がないものとして、オブジェクトにリンクします。
GLFW.lib(wgl_context.obj) : warning LNK4099: PDB '' が 'GLFW.lib(wgl_context.obj)' で、または '' に見つかりません。デバッグ情報がないものとして、オブジェクトにリンクします。
GLFW.lib(egl_context.obj) : warning LNK4099: PDB '' が 'GLFW.lib(egl_context.obj)' で、または '' に見つかりません。デバッグ情報がないものとして、オブジェクトにリンクします。
     ライブラリ D:\gcluc2026\gcluc2026-tokushima-a\Frog of Legends\Project\/../Game/GameProject.lib とオブジェクト D:\gcluc2026\gcluc2026-tokushima-a\Frog of Legends\Project\/../Game/GameProject.exp を作成中
  コード生成しています。
  コード生成が終了しました。
GLFW.lib(init.obj) : warning LNK4099: PDB '' が 'GLFW.lib(init.obj)' で、または '' に見つかりません。デバッグ情報がないものとして、オブジェクトにリンクします。
GLFW.lib(monitor.obj) : warning LNK4099: PDB '' が 'GLFW.lib(monitor.obj)' で、または '' に見つかりません。デバッグ情報がないものとして、オブジェクトにリンクします。
GLFW.lib(window.obj) : warning LNK4099: PDB '' が 'GLFW.lib(window.obj)' で、または '' に見つかりません。デバッグ情報がないものとして、オブジェクトにリンクします。
GLFW.lib(input.obj) : warning LNK4099: PDB '' が 'GLFW.lib(input.obj)' で、または '' に見つかりません。デバッグ情報がないものとして、オブジェクトにリンクします。
GLFW.lib(context.obj) : warning LNK4099: PDB '' が 'GLFW.lib(context.obj)' で、または '' に見つかりません。デバッグ情報がないものとして、オブジェクトにリンクします。
GLFW.lib(win32_init.obj) : warning LNK4099: PDB '' が 'GLFW.lib(win32_init.obj)' で、または '' に見つかりません。デバッグ情報がないものとして、オブジェクトにリンクします。
GLFW.lib(win32_monitor.obj) : warning LNK4099: PDB '' が 'GLFW.lib(win32_monitor.obj)' で、または '' に見つかりません。デバッグ情報がないものとして、オブジェクトにリンクします。
GLFW.lib(win32_time.obj) : warning LNK4099: PDB '' が 'GLFW.lib(win32_time.obj)' で、または '' に見つかりません。デバッグ情報がないものとして、オブジェクトにリンクします。
GLFW.lib(vulkan.obj) : warning LNK4099: PDB '' が 'GLFW.lib(vulkan.obj)' で、または '' に見つかりません。デバッグ情報がないものとして、オブジェクトにリンクします。
GLFW.lib(win32_window.obj) : warning LNK4099: PDB '' が 'GLFW.lib(win32_window.obj)' で、または '' に見つかりません。デバッグ情報がないものとして、オブジェクトにリンクします。
GLFW.lib(win32_tls.obj) : warning LNK4099: PDB '' が 'GLFW.lib(win32_tls.obj)' で、または '' に見つかりません。デバッグ情報がないものとして、オブジェクトにリンクします。
GLFW.lib(win32_joystick.obj) : warning LNK4099: PDB '' が 'GLFW.lib(win32_joystick.obj)' で、または '' に見つかりません。デバッグ情報がないものとして、オブジェクトにリンクします。
GLFW.lib(wgl_context.obj) : warning LNK4099: PDB '' が 'GLFW.lib(wgl_context.obj)' で、または '' に見つかりません。デバッグ情報がないものとして、オブジェクトにリンクします。
GLFW.lib(egl_context.obj) : warning LNK4099: PDB '' が 'GLFW.lib(egl_context.obj)' で、または '' に見つかりません。デバッグ情報がないものとして、オブジェクトにリンクします。
GLLibrary.lib(CVector.obj) : warning LNK4099: PDB '' が 'GLLibrary.lib(CVector.obj)' で、または '' に見つかりません。デバッグ情報がないものとして、オブジェクトにリンクします。
GLLibrary.lib(CImage.obj) : warning LNK4099: PDB '' が 'GLLibrary.lib(CImage.obj)' で、または '' に見つかりません。デバッグ情報がないものとして、オブジェクトにリンクします。
GLLibrary.lib(CFont.obj) : warning LNK4099: PDB '' が 'GLLibrary.lib(CFont.obj)' で、または '' に見つかりません。デバッグ情報がないものとして、オブジェクトにリンクします。
GLLibrary.lib(CFPS.obj) : warning LNK4099: PDB '' が 'GLLibrary.lib(CFPS.obj)' で、または '' に見つかりません。デバッグ情報がないものとして、オブジェクトにリンクします。
GLLibrary.lib(CSound.obj) : warning LNK4099: PDB '' が 'GLLibrary.lib(CSound.obj)' で、または '' に見つかりません。デバッグ情報がないものとして、オブジェクトにリンクします。
GLLibrary.lib(CInput.obj) : warning LNK4099: PDB '' が 'GLLibrary.lib(CInput.obj)' で、または '' に見つかりません。デバッグ情報がないものとして、オブジェクトにリンクします。
GLLibrary.lib(GL.obj) : warning LNK4099: PDB '' が 'GLLibrary.lib(GL.obj)' で、または '' に見つかりません。デバッグ情報がないものとして、オブジェクトにリンクします。
GLLibrary.lib(CResource.obj) : warning LNK4099: PDB '' が 'GLLibrary.lib(CResource.obj)' で、または '' に見つかりません。デバッグ情報がないものとして、オブジェクトにリンクします。
GLLibrary.lib(CCamera.obj) : warning LNK4099: PDB '' が 'GLLibrary.lib(CCamera.obj)' で、または '' に見つかりません。デバッグ情報がないものとして、オブジェクトにリンクします。
GLLibrary.lib(CLoadThread.obj) : warning LNK4099: PDB '' が 'GLLibrary.lib(CLoadThread.obj)' で、または '' に見つかりません。デバッグ情報がないものとして、オブジェクトにリンクします。
GLLibrary.lib(CRect.obj) : warning LNK4099: PDB '' が 'GLLibrary.lib(CRect.obj)' で、または '' に見つかりません。デバッグ情報がないものとして、オブジェクトにリンクします。
GLLibrary.lib(CMatrix.obj) : warning LNK4099: PDB '' が 'GLLibrary.lib(CMatrix.obj)' で、または '' に見つかりません。デバッグ情報がないものとして、オブジェクトにリンクします。
GLLibrary.lib(CTexture.obj) : warning LNK4099: PDB '' が 'GLLibrary.lib(CTexture.obj)' で、または '' に見つかりません。デバッグ情報がないものとして、オブジェクトにリンクします。
GLLibrary.lib(CCollision.obj) : warning LNK4099: PDB '' が 'GLLibrary.lib(CCollision.obj)' で、または '' に見つかりません。デバッグ情報がないものとして、オブジェクトにリンクします。
GLLibrary.lib(CShader.obj) : warning LNK4099: PDB '' が 'GLLibrary.lib(CShader.obj)' で、または '' に見つかりません。デバッグ情報がないものとして、オブジェクトにリンクします。
alut.lib(alutInit.obj) : warning LNK4099: PDB '' が 'alut.lib(alutInit.obj)' で、または '' に見つかりません。デバッグ情報がないものとして、オブジェクトにリンクします。
alut.lib(alutLoader.obj) : warning LNK4099: PDB '' が 'alut.lib(alutLoader.obj)' で、または '' に見つかりません。デバッグ情報がないものとして、オブジェクトにリンクします。
alut.lib(alutError.obj) : warning LNK4099: PDB '' が 'alut.lib(alutError.obj)' で、または '' に見つかりません。デバッグ情報がないものとして、オブジェクトにリンクします。
alut.lib(alutCodec.obj) : warning LNK4099: PDB '' が 'alut.lib(alutCodec.obj)' で、または '' に見つかりません。デバッグ情報がないものとして、オブジェクトにリンクします。
alut.lib(alutInputStream.obj) : warning LNK4099: PDB '' が 'alut.lib(alutInputStream.obj)' で、または '' に見つかりません。デバッグ情報がないものとして、オブジェクトにリンクします。
alut.lib(alutBufferData.obj) : warning LNK4099: PDB '' が 'alut.lib(alutBufferData.obj)' で、または '' に見つかりません。デバッグ情報がないものとして、オブジェクトにリンクします。
alut.lib(alutUtil.obj) : warning LNK4099: PDB '' が 'alut.lib(alutUtil.obj)' で、または '' に見つかりません。デバッグ情報がないものとして、オブジェクトにリンクします。
glew.lib(glew.obj) : warning LNK4099: PDB '' が 'glew.lib(glew.obj)' で、または '' に見つかりません。デバッグ情報がないものとして、オブジェクトにリンクします。
glpng.lib(glpng.obj) : warning LNK4099: PDB '' が 'glpng.lib(glpng.obj)' で、または '' に見つかりません。デバッグ情報がないものとして、オブジェクトにリンクします。
glpng.lib(pngrtran.obj) : warning LNK4099: PDB '' が 'glpng.lib(pngrtran.obj)' で、または '' に見つかりません。デバッグ情報がないものとして、オブジェクトにリンクします。
glpng.lib(png.obj) : warning LNK4099: PDB '' が 'glpng.lib(png.obj)' で、または '' に見つかりません。デバッグ情報がないものとして、オブジェクトにリンクします。
glpng.lib(pngread.obj) : warning LNK4099: PDB '' が 'glpng.lib(pngread.obj)' で、または '' に見つかりません。デバッグ情報がないものとして、オブジェクトにリンクします。
glpng.lib(pngget.obj) : warning LNK4099: PDB '' が 'glpng.lib(pngget.obj)' で、または '' に見つかりません。デバッグ情報がないものとして、オブジェクトにリンクします。
glpng.lib(pngmem.obj) : warning LNK4099: PDB '' が 'glpng.lib(pngmem.obj)' で、または '' に見つかりません。デバッグ情報がないものとして、オブジェクトにリンクします。
glpng.lib(pngtrans.obj) : warning LNK4099: PDB '' が 'glpng.lib(pngtrans.obj)' で、または '' に見つかりません。デバッグ情報がないものとして、オブジェクトにリンクします。
glpng.lib(pngerror.obj) : warning LNK4099: PDB '' が 'glpng.lib(pngerror.obj)' で、または '' に見つかりません。デバッグ情報がないものとして、オブジェクトにリンクします。
glpng.lib(crc32.obj) : warning LNK4099: PDB '' が 'glpng.lib(crc32.obj)' で、または '' に見つかりません。デバッグ情報がないものとして、オブジェクトにリンクします。
glpng.lib(inflate.obj) : warning LNK4099: PDB '' が 'glpng.lib(inflate.obj)' で、または '' に見つかりません。デバッグ情報がないものとして、オブジェクトにリンクします。
glpng.lib(pngrutil.obj) : warning LNK4099: PDB '' が 'glpng.lib(pngrutil.obj)' で、または '' に見つかりません。デバッグ情報がないものとして、オブジェクトにリンクします。
glpng.lib(pngrio.obj) : warning LNK4099: PDB '' が 'glpng.lib(pngrio.obj)' で、または '' に見つかりません。デバッグ情報がないものとして、オブジェクトにリンクします。
glpng.lib(zutil.obj) : warning LNK4099: PDB '' が 'glpng.lib(zutil.obj)' で、または '' に見つかりません。デバッグ情報がないものとして、オブジェクトにリンクします。
glpng.lib(infblock.obj) : warning LNK4099: PDB '' が 'glpng.lib(infblock.obj)' で、または '' に見つかりません。デバッグ情報がないものとして、オブジェクトにリンクします。
glpng.lib(adler32.obj) : warning LNK4099: PDB '' が 'glpng.lib(adler32.obj)' で、または '' に見つかりません。デバッグ情報がないものとして、オブジェクトにリンクします。
glpng.lib(pngset.obj) : warning LNK4099: PDB '' が 'glpng.lib(pngset.obj)' で、または '' に見つかりません。デバッグ情報がないものとして、オブジェクトにリンクします。
glpng.lib(infutil.obj) : warning LNK4099: PDB '' が 'glpng.lib(infutil.obj)' で、または '' に見つかりません。デバッグ情報がないものとして、オブジェクトにリンクします。
glpng.lib(inftrees.obj) : warning LNK4099: PDB '' が 'glpng.lib(inftrees.obj)' で、または '' に見つかりません。デバッグ情報がないものとして、オブジェクトにリンクします。
glpng.lib(infcodes.obj) : warning LNK4099: PDB '' が 'glpng.lib(infcodes.obj)' で、または '' に見つかりません。デバッグ情報がないものとして、オブジェクトにリンクします。
glpng.lib(inffast.obj) : warning LNK4099: PDB '' が 'glpng.lib(inffast.obj)' で、または '' に見つかりません。デバッグ情報がないものとして、オブジェクトにリンクします。
LINK : warning LNK4286: シンボル '??0FTPixmapFont@@QEAA@PEBD@Z (public: __cdecl FTPixmapFont::FTPixmapFont(char const *))' ('ftgl_static.lib(FTPixmapFont.obj)' で定義) が 'GLLibrary.lib(CFont.obj)' によってインポートされています
LINK : warning LNK4286: シンボル '??1FTPixmapFont@@UEAA@XZ (public: virtual __cdecl FTPixmapFont::~FTPixmapFont(void))' ('ftgl_static.lib(FTPixmapFont.obj)' で定義) が 'GLLibrary.lib(CFont.obj)' によってインポートされています
LINK : warning LNK4286: シンボル 'alcCreateContext' ('OpenAL32.lib(ALc.obj)' で定義) が 'alut.lib(alutInit.obj)' によってインポートされています
LINK : warning LNK4286: シンボル 'alcMakeContextCurrent' ('OpenAL32.lib(ALc.obj)' で定義) が 'alut.lib(alutInit.obj)' によってインポートされています
LINK : warning LNK4286: シンボル 'alcDestroyContext' ('OpenAL32.lib(ALc.obj)' で定義) が 'alut.lib(alutInit.obj)' によってインポートされています
LINK : warning LNK4286: シンボル 'alcGetCurrentContext' ('OpenAL32.lib(ALc.obj)' で定義) が 'alut.lib(alutInit.obj)' によってインポートされています
LINK : warning LNK4286: シンボル 'alcGetContextsDevice' ('OpenAL32.lib(ALc.obj)' で定義) が 'alut.lib(alutInit.obj)' によってインポートされています
LINK : warning LNK4286: シンボル 'alcOpenDevice' ('OpenAL32.lib(ALc.obj)' で定義) が 'alut.lib(alutInit.obj)' によってインポートされています
LINK : warning LNK4286: シンボル 'alcCloseDevice' ('OpenAL32.lib(ALc.obj)' で定義) が 'alut.lib(alutInit.obj)' によってインポートされています
LINK : warning LNK4286: シンボル 'alcGetError' ('OpenAL32.lib(ALc.obj)' で定義) が 'alut.lib(alutInit.obj)' によってインポートされています
LINK : warning LNK4286: シンボル 'alGetError' ('OpenAL32.lib(alError.obj)' で定義) が 'alut.lib(alutInit.obj)' によってインポートされています
LINK : warning LNK4286: シンボル 'alGetError' ('OpenAL32.lib(alError.obj)' で定義) が 'alut.lib(alutBufferData.obj)' によってインポートされています
LINK : warning LNK4286: シンボル 'alGenBuffers' ('OpenAL32.lib(alBuffer.obj)' で定義) が 'alut.lib(alutBufferData.obj)' によってインポートされています
LINK : warning LNK4286: シンボル 'alBufferData' ('OpenAL32.lib(alBuffer.obj)' で定義) が 'alut.lib(alutBufferData.obj)' によってインポートされています
  GameProject.vcxproj -> D:\gcluc2026\gcluc2026-tokushima-a\Frog of Legends\Game\GameProject.exe
